==9637== Memcheck, a memory error detector
==9637== Copyright (C) 2002-2012, and GNU GPL'd, by Julian Seward et al.
==9637== Using Valgrind-3.8.1 and LibVEX; rerun with -h for copyright info
==9637== Command: ./pa01
==9637== Parent PID: 4668
==9637== 
--9637-- 
--9637-- Valgrind options:
--9637--    --tool=memcheck
--9637--    --leak-check=full
--9637--    --verbose
--9637--    --log-file=memcheck.log
--9637-- Contents of /proc/version:
--9637--   Linux version 2.6.32-431.3.1.el6.x86_64 (mockbuild@x86-003.build.bos.redhat.com) (gcc version 4.4.7 20120313 (Red Hat 4.4.7-4) (GCC) ) #1 SMP Fri Dec 13 06:58:20 EST 2013
--9637-- Arch and hwcaps: AMD64, amd64-sse3-cx16
--9637-- Page sizes: currently 4096, max supported 4096
--9637-- Valgrind library directory: /usr/lib64/valgrind
--9637-- Reading syms from /home/shay/b/bhilker/ECE264/Solutions/PA01/pa01
--9637-- Reading syms from /usr/lib64/valgrind/memcheck-amd64-linux
--9637--    object doesn't have a dynamic symbol table
--9637-- Reading syms from /lib64/ld-2.12.so
--9637-- Scheduler: using generic scheduler lock implementation.
--9637-- Reading suppressions file: /usr/lib64/valgrind/default.supp
==9637== embedded gdbserver: reading from /tmp/vgdb-pipe-from-vgdb-to-9637-by-bhilker-on-ecelinux19.ecn.purdue.edu
==9637== embedded gdbserver: writing to   /tmp/vgdb-pipe-to-vgdb-from-9637-by-bhilker-on-ecelinux19.ecn.purdue.edu
==9637== embedded gdbserver: shared mem   /tmp/vgdb-pipe-shared-mem-vgdb-9637-by-bhilker-on-ecelinux19.ecn.purdue.edu
==9637== 
==9637== TO CONTROL THIS PROCESS USING vgdb (which you probably
==9637== don't want to do, unless you know exactly what you're doing,
==9637== or are doing some strange experiment):
==9637==   /usr/lib64/valgrind/../../bin/vgdb --pid=9637 ...command...
==9637== 
==9637== TO DEBUG THIS PROCESS USING GDB: start GDB like this
==9637==   /path/to/gdb ./pa01
==9637== and then give GDB the following command
==9637==   target remote | /usr/lib64/valgrind/../../bin/vgdb --pid=9637
==9637== --pid is optional if only one valgrind process is running
==9637== 
--9637-- REDIR: 0x3ad7817530 (strlen) redirected to 0x38049551 (vgPlain_amd64_linux_REDIR_FOR_strlen)
--9637-- Reading syms from /usr/lib64/valgrind/vgpreload_core-amd64-linux.so
--9637-- Reading syms from /usr/lib64/valgrind/vgpreload_memcheck-amd64-linux.so
--9637-- REDIR: 0x3ad78173a0 (index) redirected to 0x4a07bf0 (index)
--9637-- REDIR: 0x3ad7817420 (strcmp) redirected to 0x4a08530 (strcmp)
--9637-- Reading syms from /lib64/libc-2.12.so
--9637-- REDIR: 0x3ad7c84fb0 (strcasecmp) redirected to 0x480155c (_vgnU_ifunc_wrapper)
--9637-- REDIR: 0x3ad7c87270 (strncasecmp) redirected to 0x480155c (_vgnU_ifunc_wrapper)
--9637-- REDIR: 0x3ad7c82f20 (__GI_strrchr) redirected to 0x4a07a70 (__GI_strrchr)
--9637-- REDIR: 0x3ad7c81440 (__GI_strlen) redirected to 0x4a07f70 (__GI_strlen)
--9637-- REDIR: 0x3ad7c847e0 (mempcpy) redirected to 0x4a09f80 (mempcpy)
--9637-- REDIR: 0x3ad7c8add0 (strchrnul) redirected to 0x4a09f10 (strchrnul)
--9637-- REDIR: 0x3ad7c7b800 (free) redirected to 0x4a06369 (free)
==9637== 
==9637== HEAP SUMMARY:
==9637==     in use at exit: 0 bytes in 0 blocks
==9637==   total heap usage: 0 allocs, 0 frees, 0 bytes allocated
==9637== 
==9637== All heap blocks were freed -- no leaks are possible
==9637== 
==9637== ERROR SUMMARY: 0 errors from 0 contexts (suppressed: 6 from 6)
--9637-- 
--9637-- used_suppression:      4 U1004-ARM-_dl_relocate_object
--9637-- used_suppression:      2 glibc-2.5.x-on-SUSE-10.2-(PPC)-2a
==9637== 
==9637== ERROR SUMMARY: 0 errors from 0 contexts (suppressed: 6 from 6)
