==10122== Memcheck, a memory error detector
==10122== Copyright (C) 2002-2012, and GNU GPL'd, by Julian Seward et al.
==10122== Using Valgrind-3.8.1 and LibVEX; rerun with -h for copyright info
==10122== Command: ./pa02
==10122== Parent PID: 6205
==10122== 
--10122-- 
--10122-- Valgrind options:
--10122--    --tool=memcheck
--10122--    --leak-check=full
--10122--    --verbose
--10122--    --log-file=memcheck.log
--10122-- Contents of /proc/version:
--10122--   Linux version 2.6.32-431.3.1.el6.x86_64 (mockbuild@x86-003.build.bos.redhat.com) (gcc version 4.4.7 20120313 (Red Hat 4.4.7-4) (GCC) ) #1 SMP Fri Dec 13 06:58:20 EST 2013
--10122-- Arch and hwcaps: AMD64, amd64-sse3-cx16
--10122-- Page sizes: currently 4096, max supported 4096
--10122-- Valgrind library directory: /usr/lib64/valgrind
--10122-- Reading syms from /home/shay/b/bhilker/ECE264/Solutions/PA02/pa02
--10122-- Reading syms from /usr/lib64/valgrind/memcheck-amd64-linux
--10122--    object doesn't have a dynamic symbol table
--10122-- Reading syms from /lib64/ld-2.12.so
--10122-- Scheduler: using generic scheduler lock implementation.
--10122-- Reading suppressions file: /usr/lib64/valgrind/default.supp
==10122== embedded gdbserver: reading from /tmp/vgdb-pipe-from-vgdb-to-10122-by-bhilker-on-ecelinux19.ecn.purdue.edu
==10122== embedded gdbserver: writing to   /tmp/vgdb-pipe-to-vgdb-from-10122-by-bhilker-on-ecelinux19.ecn.purdue.edu
==10122== embedded gdbserver: shared mem   /tmp/vgdb-pipe-shared-mem-vgdb-10122-by-bhilker-on-ecelinux19.ecn.purdue.edu
==10122== 
==10122== TO CONTROL THIS PROCESS USING vgdb (which you probably
==10122== don't want to do, unless you know exactly what you're doing,
==10122== or are doing some strange experiment):
==10122==   /usr/lib64/valgrind/../../bin/vgdb --pid=10122 ...command...
==10122== 
==10122== TO DEBUG THIS PROCESS USING GDB: start GDB like this
==10122==   /path/to/gdb ./pa02
==10122== and then give GDB the following command
==10122==   target remote | /usr/lib64/valgrind/../../bin/vgdb --pid=10122
==10122== --pid is optional if only one valgrind process is running
==10122== 
--10122-- REDIR: 0x3ad7817530 (strlen) redirected to 0x38049551 (vgPlain_amd64_linux_REDIR_FOR_strlen)
--10122-- Reading syms from /usr/lib64/valgrind/vgpreload_core-amd64-linux.so
--10122-- Reading syms from /usr/lib64/valgrind/vgpreload_memcheck-amd64-linux.so
--10122-- REDIR: 0x3ad78173a0 (index) redirected to 0x4a07bf0 (index)
--10122-- REDIR: 0x3ad7817420 (strcmp) redirected to 0x4a08530 (strcmp)
--10122-- Reading syms from /lib64/libc-2.12.so
--10122-- REDIR: 0x3ad7c84fb0 (strcasecmp) redirected to 0x480155c (_vgnU_ifunc_wrapper)
--10122-- REDIR: 0x3ad7c87270 (strncasecmp) redirected to 0x480155c (_vgnU_ifunc_wrapper)
--10122-- REDIR: 0x3ad7c82f20 (__GI_strrchr) redirected to 0x4a07a70 (__GI_strrchr)
--10122-- REDIR: 0x3ad7c81440 (__GI_strlen) redirected to 0x4a07f70 (__GI_strlen)
--10122-- REDIR: 0x3ad7c8add0 (strchrnul) redirected to 0x4a09f10 (strchrnul)
--10122-- REDIR: 0x3ad7c7b800 (free) redirected to 0x4a06369 (free)
==10122== Conditional jump or move depends on uninitialised value(s)
==10122==    at 0x400BAF: my_strcat (answer02.c:111)
==10122==    by 0x400883: main (pa02.c:66)
==10122== 
==10122== Conditional jump or move depends on uninitialised value(s)
==10122==    at 0x3AD7C4812C: vfprintf (in /lib64/libc-2.12.so)
==10122==    by 0x3AD7C4F489: printf (in /lib64/libc-2.12.so)
==10122==    by 0x4008A3: main (pa02.c:67)
==10122== 
==10122== Conditional jump or move depends on uninitialised value(s)
==10122==    at 0x3AD7C71BD0: _IO_file_xsputn@@GLIBC_2.2.5 (in /lib64/libc-2.12.so)
==10122==    by 0x3AD7C4848F: vfprintf (in /lib64/libc-2.12.so)
==10122==    by 0x3AD7C4F489: printf (in /lib64/libc-2.12.so)
==10122==    by 0x4008A3: main (pa02.c:67)
==10122== 
==10122== Syscall param write(buf) points to uninitialised byte(s)
==10122==    at 0x3AD7CDB790: __write_nocancel (in /lib64/libc-2.12.so)
==10122==    by 0x3AD7C71DD2: _IO_file_write@@GLIBC_2.2.5 (in /lib64/libc-2.12.so)
==10122==    by 0x3AD7C73384: _IO_do_write@@GLIBC_2.2.5 (in /lib64/libc-2.12.so)
==10122==    by 0x3AD7C71A4C: _IO_file_xsputn@@GLIBC_2.2.5 (in /lib64/libc-2.12.so)
==10122==    by 0x3AD7C4491E: vfprintf (in /lib64/libc-2.12.so)
==10122==    by 0x3AD7C4F489: printf (in /lib64/libc-2.12.so)
==10122==    by 0x4008A3: main (pa02.c:67)
==10122==  Address 0x4c0e02d is not stack'd, malloc'd or (recently) free'd
==10122== 
==10122== Conditional jump or move depends on uninitialised value(s)
==10122==    at 0x400BAF: my_strcat (answer02.c:111)
==10122==    by 0x4008B9: main (pa02.c:68)
==10122== 
==10122== Conditional jump or move depends on uninitialised value(s)
==10122==    at 0x3AD7C4812C: vfprintf (in /lib64/libc-2.12.so)
==10122==    by 0x3AD7C4F489: printf (in /lib64/libc-2.12.so)
==10122==    by 0x4008D9: main (pa02.c:69)
==10122== 
==10122== Conditional jump or move depends on uninitialised value(s)
==10122==    at 0x3AD7C71BD0: _IO_file_xsputn@@GLIBC_2.2.5 (in /lib64/libc-2.12.so)
==10122==    by 0x3AD7C4848F: vfprintf (in /lib64/libc-2.12.so)
==10122==    by 0x3AD7C4F489: printf (in /lib64/libc-2.12.so)
==10122==    by 0x4008D9: main (pa02.c:69)
==10122== 
==10122== Conditional jump or move depends on uninitialised value(s)
==10122==    at 0x400BAF: my_strcat (answer02.c:111)
==10122==    by 0x4008EF: main (pa02.c:70)
==10122== 
==10122== Conditional jump or move depends on uninitialised value(s)
==10122==    at 0x3AD7C4812C: vfprintf (in /lib64/libc-2.12.so)
==10122==    by 0x3AD7C4F489: printf (in /lib64/libc-2.12.so)
==10122==    by 0x40090F: main (pa02.c:71)
==10122== 
==10122== Conditional jump or move depends on uninitialised value(s)
==10122==    at 0x3AD7C71BD0: _IO_file_xsputn@@GLIBC_2.2.5 (in /lib64/libc-2.12.so)
==10122==    by 0x3AD7C4848F: vfprintf (in /lib64/libc-2.12.so)
==10122==    by 0x3AD7C4F489: printf (in /lib64/libc-2.12.so)
==10122==    by 0x40090F: main (pa02.c:71)
==10122== 
==10122== 
==10122== HEAP SUMMARY:
==10122==     in use at exit: 0 bytes in 0 blocks
==10122==   total heap usage: 0 allocs, 0 frees, 0 bytes allocated
==10122== 
==10122== All heap blocks were freed -- no leaks are possible
==10122== 
==10122== Use --track-origins=yes to see where uninitialised values come from
==10122== ERROR SUMMARY: 49 errors from 10 contexts (suppressed: 6 from 6)
==10122== 
==10122== 3 errors in context 1 of 10:
==10122== Syscall param write(buf) points to uninitialised byte(s)
==10122==    at 0x3AD7CDB790: __write_nocancel (in /lib64/libc-2.12.so)
==10122==    by 0x3AD7C71DD2: _IO_file_write@@GLIBC_2.2.5 (in /lib64/libc-2.12.so)
==10122==    by 0x3AD7C73384: _IO_do_write@@GLIBC_2.2.5 (in /lib64/libc-2.12.so)
==10122==    by 0x3AD7C71A4C: _IO_file_xsputn@@GLIBC_2.2.5 (in /lib64/libc-2.12.so)
==10122==    by 0x3AD7C4491E: vfprintf (in /lib64/libc-2.12.so)
==10122==    by 0x3AD7C4F489: printf (in /lib64/libc-2.12.so)
==10122==    by 0x4008A3: main (pa02.c:67)
==10122==  Address 0x4c0e02d is not stack'd, malloc'd or (recently) free'd
==10122== 
==10122== 
==10122== 5 errors in context 2 of 10:
==10122== Conditional jump or move depends on uninitialised value(s)
==10122==    at 0x3AD7C71BD0: _IO_file_xsputn@@GLIBC_2.2.5 (in /lib64/libc-2.12.so)
==10122==    by 0x3AD7C4848F: vfprintf (in /lib64/libc-2.12.so)
==10122==    by 0x3AD7C4F489: printf (in /lib64/libc-2.12.so)
==10122==    by 0x40090F: main (pa02.c:71)
==10122== 
==10122== 
==10122== 5 errors in context 3 of 10:
==10122== Conditional jump or move depends on uninitialised value(s)
==10122==    at 0x3AD7C4812C: vfprintf (in /lib64/libc-2.12.so)
==10122==    by 0x3AD7C4F489: printf (in /lib64/libc-2.12.so)
==10122==    by 0x40090F: main (pa02.c:71)
==10122== 
==10122== 
==10122== 5 errors in context 4 of 10:
==10122== Conditional jump or move depends on uninitialised value(s)
==10122==    at 0x400BAF: my_strcat (answer02.c:111)
==10122==    by 0x4008EF: main (pa02.c:70)
==10122== 
==10122== 
==10122== 5 errors in context 5 of 10:
==10122== Conditional jump or move depends on uninitialised value(s)
==10122==    at 0x3AD7C71BD0: _IO_file_xsputn@@GLIBC_2.2.5 (in /lib64/libc-2.12.so)
==10122==    by 0x3AD7C4848F: vfprintf (in /lib64/libc-2.12.so)
==10122==    by 0x3AD7C4F489: printf (in /lib64/libc-2.12.so)
==10122==    by 0x4008D9: main (pa02.c:69)
==10122== 
==10122== 
==10122== 5 errors in context 6 of 10:
==10122== Conditional jump or move depends on uninitialised value(s)
==10122==    at 0x3AD7C4812C: vfprintf (in /lib64/libc-2.12.so)
==10122==    by 0x3AD7C4F489: printf (in /lib64/libc-2.12.so)
==10122==    by 0x4008D9: main (pa02.c:69)
==10122== 
==10122== 
==10122== 5 errors in context 7 of 10:
==10122== Conditional jump or move depends on uninitialised value(s)
==10122==    at 0x400BAF: my_strcat (answer02.c:111)
==10122==    by 0x4008B9: main (pa02.c:68)
==10122== 
==10122== 
==10122== 5 errors in context 8 of 10:
==10122== Conditional jump or move depends on uninitialised value(s)
==10122==    at 0x3AD7C71BD0: _IO_file_xsputn@@GLIBC_2.2.5 (in /lib64/libc-2.12.so)
==10122==    by 0x3AD7C4848F: vfprintf (in /lib64/libc-2.12.so)
==10122==    by 0x3AD7C4F489: printf (in /lib64/libc-2.12.so)
==10122==    by 0x4008A3: main (pa02.c:67)
==10122== 
==10122== 
==10122== 5 errors in context 9 of 10:
==10122== Conditional jump or move depends on uninitialised value(s)
==10122==    at 0x3AD7C4812C: vfprintf (in /lib64/libc-2.12.so)
==10122==    by 0x3AD7C4F489: printf (in /lib64/libc-2.12.so)
==10122==    by 0x4008A3: main (pa02.c:67)
==10122== 
==10122== 
==10122== 6 errors in context 10 of 10:
==10122== Conditional jump or move depends on uninitialised value(s)
==10122==    at 0x400BAF: my_strcat (answer02.c:111)
==10122==    by 0x400883: main (pa02.c:66)
==10122== 
--10122-- 
--10122-- used_suppression:      4 U1004-ARM-_dl_relocate_object
--10122-- used_suppression:      2 glibc-2.5.x-on-SUSE-10.2-(PPC)-2a
==10122== 
==10122== ERROR SUMMARY: 49 errors from 10 contexts (suppressed: 6 from 6)
